<?xml version="1.0" encoding="UTF-8"?>
<testsuite xmlns:xsi="http://www.w3.org/2001/XMLSchema-instance" xsi:noNamespaceSchemaLocation="https://maven.apache.org/surefire/maven-surefire-plugin/xsd/surefire-test-report-3.0.xsd" version="3.0" name="TestSuite" time="2.924" tests="64" errors="0" skipped="0" failures="24">
  <properties>
[...]
</properties>
  <testcase name="getCircleArea" classname="task.AppTestNGTest" time="0.028"/>
  <testcase name="getCircleArea" classname="task.AppTestNGTest" time="0"/>
  <testcase name="getCircleArea" classname="task.AppTestNGTest" time="0"/>
  <testcase name="getCircleArea" classname="task.AppTestNGTest" time="0"/>
  <testcase name="getEllipseArea" classname="task.AppTestNGTest" time="0.002"/>
  <testcase name="getEllipseArea" classname="task.AppTestNGTest" time="0.002"/>
  <testcase name="getEllipseArea" classname="task.AppTestNGTest" time="0.001"/>
  <testcase name="getEllipseArea" classname="task.AppTestNGTest" time="0.001"/>
  <testcase name="getParallelogramArea" classname="task.AppTestNGTest" time="0.018">
    <failure message="CAN&apos;T ENTER STRING!!! LENGTHS MUST BE POSITIVE NUMBERS" type="java.lang.AssertionError"><![CDATA[java.lang.AssertionError: CAN'T ENTER STRING!!! LENGTHS MUST BE POSITIVE NUMBERS
	at task.AppTestNGTest.getParallelogramArea(AppTestNGTest.java:94)
]]></failure>
  </testcase>
  <testcase name="getParallelogramArea" classname="task.AppTestNGTest" time="0.004">
    <failure message="CAN&apos;T ENTER ZERO!!! LENGTHS MUST BE POSITIVE NUMBERS" type="java.lang.AssertionError"><![CDATA[java.lang.AssertionError: CAN'T ENTER ZERO!!! LENGTHS MUST BE POSITIVE NUMBERS
	at task.AppTestNGTest.getParallelogramArea(AppTestNGTest.java:94)
]]></failure>
  </testcase>
  <testcase name="getParallelogramArea" classname="task.AppTestNGTest" time="0.002"/>
  <testcase name="getParallelogramArea" classname="task.AppTestNGTest" time="0.034">
    <failure message="CAN&apos;T ENTER NEGATIVE NUMBERS!!! LENGTHS MUST BE POSITIVE NUMBERS expected [0.0] but found [-4.0]" type="java.lang.AssertionError"><![CDATA[java.lang.AssertionError: CAN'T ENTER NEGATIVE NUMBERS!!! LENGTHS MUST BE POSITIVE NUMBERS expected [0.0] but found [-4.0]
	at task.AppTestNGTest.getParallelogramArea(AppTestNGTest.java:94)
]]></failure>
  </testcase>
  <testcase name="getRectangleArea" classname="task.AppTestNGTest" time="0.001">
    <failure message="CAN&apos;T ENTER STRING!!! LENGTHS MUST BE POSITIVE NUMBERS" type="java.lang.AssertionError"><![CDATA[java.lang.AssertionError: CAN'T ENTER STRING!!! LENGTHS MUST BE POSITIVE NUMBERS
	at task.AppTestNGTest.getRectangleArea(AppTestNGTest.java:99)
]]></failure>
  </testcase>
  <testcase name="getRectangleArea" classname="task.AppTestNGTest" time="0.01">
    <failure message="CAN&apos;T ENTER ZERO!!! LENGTHS MUST BE POSITIVE NUMBERS" type="java.lang.AssertionError"><![CDATA[java.lang.AssertionError: CAN'T ENTER ZERO!!! LENGTHS MUST BE POSITIVE NUMBERS
	at task.AppTestNGTest.getRectangleArea(AppTestNGTest.java:99)
]]></failure>
  </testcase>
  <testcase name="getRectangleArea" classname="task.AppTestNGTest" time="0"/>
  <testcase name="getRectangleArea" classname="task.AppTestNGTest" time="0.002">
    <failure message="CAN&apos;T ENTER NEGATIVE NUMBERS!!! LENGTHS MUST BE POSITIVE NUMBERS expected [0.0] but found [-4.0]" type="java.lang.AssertionError"><![CDATA[java.lang.AssertionError: CAN'T ENTER NEGATIVE NUMBERS!!! LENGTHS MUST BE POSITIVE NUMBERS expected [0.0] but found [-4.0]
	at task.AppTestNGTest.getRectangleArea(AppTestNGTest.java:99)
]]></failure>
  </testcase>
  <testcase name="getSectorArea" classname="task.AppTestNGTest" time="0.005"/>
  <testcase name="getSectorArea" classname="task.AppTestNGTest" time="0"/>
  <testcase name="getSectorArea" classname="task.AppTestNGTest" time="0"/>
  <testcase name="getSectorArea" classname="task.AppTestNGTest" time="0"/>
  <testcase name="getSquareArea" classname="task.AppTestNGTest" time="0"/>
  <testcase name="getSquareArea" classname="task.AppTestNGTest" time="0"/>
  <testcase name="getSquareArea" classname="task.AppTestNGTest" time="0.001"/>
  <testcase name="getSquareArea" classname="task.AppTestNGTest" time="0"/>
  <testcase name="getTrapezoidArea" classname="task.AppTestNGTest" time="0">
    <failure message="CAN&apos;T ENTER STRING!!! LENGTHS MUST BE POSITIVE NUMBERS" type="java.lang.AssertionError"><![CDATA[java.lang.AssertionError: CAN'T ENTER STRING!!! LENGTHS MUST BE POSITIVE NUMBERS
	at task.AppTestNGTest.getTrapezoidArea(AppTestNGTest.java:114)
]]></failure>
  </testcase>
  <testcase name="getTrapezoidArea" classname="task.AppTestNGTest" time="0.001">
    <failure message="CAN&apos;T ENTER ZERO!!! LENGTHS MUST BE POSITIVE NUMBERS" type="java.lang.AssertionError"><![CDATA[java.lang.AssertionError: CAN'T ENTER ZERO!!! LENGTHS MUST BE POSITIVE NUMBERS
	at task.AppTestNGTest.getTrapezoidArea(AppTestNGTest.java:114)
]]></failure>
  </testcase>
  <testcase name="getTrapezoidArea" classname="task.AppTestNGTest" time="0"/>
  <testcase name="getTrapezoidArea" classname="task.AppTestNGTest" time="0">
    <failure message="CAN&apos;T ENTER NEGATIVE NUMBERS!!! LENGTHS MUST BE POSITIVE NUMBERS expected [0.0] but found [2.0]" type="java.lang.AssertionError"><![CDATA[java.lang.AssertionError: CAN'T ENTER NEGATIVE NUMBERS!!! LENGTHS MUST BE POSITIVE NUMBERS expected [0.0] but found [2.0]
	at task.AppTestNGTest.getTrapezoidArea(AppTestNGTest.java:114)
]]></failure>
  </testcase>
  <testcase name="getTriangleArea" classname="task.AppTestNGTest" time="0">
    <failure message="CAN&apos;T ENTER STRING!!! LENGTHS MUST BE POSITIVE NUMBERS" type="java.lang.AssertionError"><![CDATA[java.lang.AssertionError: CAN'T ENTER STRING!!! LENGTHS MUST BE POSITIVE NUMBERS
	at task.AppTestNGTest.getTriangleArea(AppTestNGTest.java:119)
]]></failure>
  </testcase>
  <testcase name="getTriangleArea" classname="task.AppTestNGTest" time="0.001">
    <failure message="CAN&apos;T ENTER ZERO!!! LENGTHS MUST BE POSITIVE NUMBERS" type="java.lang.AssertionError"><![CDATA[java.lang.AssertionError: CAN'T ENTER ZERO!!! LENGTHS MUST BE POSITIVE NUMBERS
	at task.AppTestNGTest.getTriangleArea(AppTestNGTest.java:119)
]]></failure>
  </testcase>
  <testcase name="getTriangleArea" classname="task.AppTestNGTest" time="0.002"/>
  <testcase name="getTriangleArea" classname="task.AppTestNGTest" time="0.001">
    <failure message="CAN&apos;T ENTER NEGATIVE NUMBERS!!! LENGTHS MUST BE POSITIVE NUMBERS expected [0.0] but found [-2.0]" type="java.lang.AssertionError"><![CDATA[java.lang.AssertionError: CAN'T ENTER NEGATIVE NUMBERS!!! LENGTHS MUST BE POSITIVE NUMBERS expected [0.0] but found [-2.0]
	at task.AppTestNGTest.getTriangleArea(AppTestNGTest.java:119)
]]></failure>
  </testcase>
  <testcase name="getCircleArea" classname="task.TestClassForFactory" time="0"/>
  <testcase name="getCircleArea" classname="task.TestClassForFactory" time="0"/>
  <testcase name="getCircleArea" classname="task.TestClassForFactory" time="0"/>
  <testcase name="getCircleArea" classname="task.TestClassForFactory" time="0"/>
  <testcase name="getEllipseArea" classname="task.TestClassForFactory" time="0.001"/>
  <testcase name="getEllipseArea" classname="task.TestClassForFactory" time="0"/>
  <testcase name="getEllipseArea" classname="task.TestClassForFactory" time="0.001"/>
  <testcase name="getEllipseArea" classname="task.TestClassForFactory" time="0"/>
  <testcase name="getParallelogramArea" classname="task.TestClassForFactory" time="0.003">
    <failure message="CAN&apos;T ENTER STRING!!! LENGTHS MUST BE POSITIVE NUMBERS" type="java.lang.AssertionError"><![CDATA[java.lang.AssertionError: CAN'T ENTER STRING!!! LENGTHS MUST BE POSITIVE NUMBERS
	at task.TestClassForFactory.getParallelogramArea(TestClassForFactory.java:32)
]]></failure>
  </testcase>
  <testcase name="getParallelogramArea" classname="task.TestClassForFactory" time="0"/>
  <testcase name="getParallelogramArea" classname="task.TestClassForFactory" time="0.004">
    <failure message="CAN&apos;T ENTER NEGATIVE NUMBERS!!! LENGTHS MUST BE POSITIVE NUMBERS expected [0.0] but found [-4.0]" type="java.lang.AssertionError"><![CDATA[java.lang.AssertionError: CAN'T ENTER NEGATIVE NUMBERS!!! LENGTHS MUST BE POSITIVE NUMBERS expected [0.0] but found [-4.0]
	at task.TestClassForFactory.getParallelogramArea(TestClassForFactory.java:32)
]]></failure>
  </testcase>
  <testcase name="getParallelogramArea" classname="task.TestClassForFactory" time="0.003">
    <failure message="CAN&apos;T ENTER ZERO!!! LENGTHS MUST BE POSITIVE NUMBERS" type="java.lang.AssertionError"><![CDATA[java.lang.AssertionError: CAN'T ENTER ZERO!!! LENGTHS MUST BE POSITIVE NUMBERS
	at task.TestClassForFactory.getParallelogramArea(TestClassForFactory.java:32)
]]></failure>
  </testcase>
  <testcase name="getRectangleArea" classname="task.TestClassForFactory" time="0">
    <failure message="CAN&apos;T ENTER STRING!!! LENGTHS MUST BE POSITIVE NUMBERS" type="java.lang.AssertionError"><![CDATA[java.lang.AssertionError: CAN'T ENTER STRING!!! LENGTHS MUST BE POSITIVE NUMBERS
	at task.TestClassForFactory.getRectangleArea(TestClassForFactory.java:37)
]]></failure>
  </testcase>
  <testcase name="getRectangleArea" classname="task.TestClassForFactory" time="0"/>
  <testcase name="getRectangleArea" classname="task.TestClassForFactory" time="0.002">
    <failure message="CAN&apos;T ENTER NEGATIVE NUMBERS!!! LENGTHS MUST BE POSITIVE NUMBERS expected [0.0] but found [-4.0]" type="java.lang.AssertionError"><![CDATA[java.lang.AssertionError: CAN'T ENTER NEGATIVE NUMBERS!!! LENGTHS MUST BE POSITIVE NUMBERS expected [0.0] but found [-4.0]
	at task.TestClassForFactory.getRectangleArea(TestClassForFactory.java:37)
]]></failure>
  </testcase>
  <testcase name="getRectangleArea" classname="task.TestClassForFactory" time="0.006">
    <failure message="CAN&apos;T ENTER ZERO!!! LENGTHS MUST BE POSITIVE NUMBERS" type="java.lang.AssertionError"><![CDATA[java.lang.AssertionError: CAN'T ENTER ZERO!!! LENGTHS MUST BE POSITIVE NUMBERS
	at task.TestClassForFactory.getRectangleArea(TestClassForFactory.java:37)
]]></failure>
  </testcase>
  <testcase name="getSectorArea" classname="task.TestClassForFactory" time="0"/>
  <testcase name="getSectorArea" classname="task.TestClassForFactory" time="0"/>
  <testcase name="getSectorArea" classname="task.TestClassForFactory" time="0"/>
  <testcase name="getSectorArea" classname="task.TestClassForFactory" time="0"/>
  <testcase name="getSquareArea" classname="task.TestClassForFactory" time="0.001"/>
  <testcase name="getSquareArea" classname="task.TestClassForFactory" time="0"/>
  <testcase name="getSquareArea" classname="task.TestClassForFactory" time="0"/>
  <testcase name="getSquareArea" classname="task.TestClassForFactory" time="0"/>
  <testcase name="getTrapezoidArea" classname="task.TestClassForFactory" time="0">
    <failure message="CAN&apos;T ENTER STRING!!! LENGTHS MUST BE POSITIVE NUMBERS" type="java.lang.AssertionError"><![CDATA[java.lang.AssertionError: CAN'T ENTER STRING!!! LENGTHS MUST BE POSITIVE NUMBERS
	at task.TestClassForFactory.getTrapezoidArea(TestClassForFactory.java:52)
]]></failure>
  </testcase>
  <testcase name="getTrapezoidArea" classname="task.TestClassForFactory" time="0"/>
  <testcase name="getTrapezoidArea" classname="task.TestClassForFactory" time="0.005">
    <failure message="CAN&apos;T ENTER NEGATIVE NUMBERS!!! LENGTHS MUST BE POSITIVE NUMBERS expected [0.0] but found [2.0]" type="java.lang.AssertionError"><![CDATA[java.lang.AssertionError: CAN'T ENTER NEGATIVE NUMBERS!!! LENGTHS MUST BE POSITIVE NUMBERS expected [0.0] but found [2.0]
	at task.TestClassForFactory.getTrapezoidArea(TestClassForFactory.java:52)
]]></failure>
  </testcase>
  <testcase name="getTrapezoidArea" classname="task.TestClassForFactory" time="0">
    <failure message="CAN&apos;T ENTER ZERO!!! LENGTHS MUST BE POSITIVE NUMBERS" type="java.lang.AssertionError"><![CDATA[java.lang.AssertionError: CAN'T ENTER ZERO!!! LENGTHS MUST BE POSITIVE NUMBERS
	at task.TestClassForFactory.getTrapezoidArea(TestClassForFactory.java:52)
]]></failure>
  </testcase>
  <testcase name="getTriangleArea" classname="task.TestClassForFactory" time="0.002">
    <failure message="CAN&apos;T ENTER STRING!!! LENGTHS MUST BE POSITIVE NUMBERS" type="java.lang.AssertionError"><![CDATA[java.lang.AssertionError: CAN'T ENTER STRING!!! LENGTHS MUST BE POSITIVE NUMBERS
	at task.TestClassForFactory.getTriangleArea(TestClassForFactory.java:57)
]]></failure>
  </testcase>
  <testcase name="getTriangleArea" classname="task.TestClassForFactory" time="0"/>
  <testcase name="getTriangleArea" classname="task.TestClassForFactory" time="0.003">
    <failure message="CAN&apos;T ENTER NEGATIVE NUMBERS!!! LENGTHS MUST BE POSITIVE NUMBERS expected [0.0] but found [-2.0]" type="java.lang.AssertionError"><![CDATA[java.lang.AssertionError: CAN'T ENTER NEGATIVE NUMBERS!!! LENGTHS MUST BE POSITIVE NUMBERS expected [0.0] but found [-2.0]
	at task.TestClassForFactory.getTriangleArea(TestClassForFactory.java:57)
]]></failure>
  </testcase>
  <testcase name="getTriangleArea" classname="task.TestClassForFactory" time="0.002">
    <failure message="CAN&apos;T ENTER ZERO!!! LENGTHS MUST BE POSITIVE NUMBERS" type="java.lang.AssertionError"><![CDATA[java.lang.AssertionError: CAN'T ENTER ZERO!!! LENGTHS MUST BE POSITIVE NUMBERS
	at task.TestClassForFactory.getTriangleArea(TestClassForFactory.java:57)
]]></failure>
  </testcase>
</testsuite>