-------------------------------------------------------------------------------
Test set: TestSuite
-------------------------------------------------------------------------------
Tests run: 64, Failures: 12, Errors: 0, Skipped: 0, Time elapsed: 1.453 s <<< FAILURE! - in TestSuite
task.AppTestNGTest.getParallelogramArea  Time elapsed: 0.031 s  <<< FAILURE!
java.lang.AssertionError: LENGTHS MUST BE POSITIVE NUMBERS expected [0.0] but found [-4.0]
	at task.AppTestNGTest.getParallelogramArea(AppTestNGTest.java:107)

task.AppTestNGTest.getRectangleArea  Time elapsed: 0 s  <<< FAILURE!
java.lang.AssertionError: LENGTHS MUST BE POSITIVE NUMBERS expected [0.0] but found [-4.0]
	at task.AppTestNGTest.getRectangleArea(AppTestNGTest.java:117)

task.AppTestNGTest.getSquareArea  Time elapsed: 0 s  <<< FAILURE!
java.lang.AssertionError: LENGTHS MUST BE POSITIVE NUMBERS expected [0.0] but found [1.0]
	at task.AppTestNGTest.getSquareArea(AppTestNGTest.java:136)

task.AppTestNGTest.getTrapezoidArea  Time elapsed: 0 s  <<< FAILURE!
java.lang.AssertionError: LENGTHS MUST BE POSITIVE NUMBERS expected [0.0] but found [-3.0]
	at task.AppTestNGTest.getTrapezoidArea(AppTestNGTest.java:147)

task.AppTestNGTest.getTrapezoidArea  Time elapsed: 0 s  <<< FAILURE!
java.lang.AssertionError: LENGTHS MUST BE POSITIVE NUMBERS expected [0.0] but found [2.0]
	at task.AppTestNGTest.getTrapezoidArea(AppTestNGTest.java:147)

task.AppTestNGTest.getTriangleArea  Time elapsed: 0 s  <<< FAILURE!
java.lang.AssertionError: LENGTHS MUST BE POSITIVE NUMBERS expected [0.0] but found [-2.0]
	at task.AppTestNGTest.getTriangleArea(AppTestNGTest.java:157)

task.TestClassForFactory.getParallelogramArea  Time elapsed: 0 s  <<< FAILURE!
java.lang.AssertionError: LENGTHS MUST BE POSITIVE NUMBERS expected [0.0] but found [-4.0]
	at task.TestClassForFactory.getParallelogramArea(TestClassForFactory.java:42)

task.TestClassForFactory.getRectangleArea  Time elapsed: 0 s  <<< FAILURE!
java.lang.AssertionError: LENGTHS MUST BE POSITIVE NUMBERS expected [0.0] but found [-4.0]
	at task.TestClassForFactory.getRectangleArea(TestClassForFactory.java:50)

task.TestClassForFactory.getSquareArea  Time elapsed: 0 s  <<< FAILURE!
java.lang.AssertionError: LENGTHS MUST BE POSITIVE NUMBERS expected [0.0] but found [1.0]
	at task.TestClassForFactory.getSquareArea(TestClassForFactory.java:66)

task.TestClassForFactory.getTrapezoidArea  Time elapsed: 0 s  <<< FAILURE!
java.lang.AssertionError: LENGTHS MUST BE POSITIVE NUMBERS expected [0.0] but found [-3.0]
	at task.TestClassForFactory.getTrapezoidArea(TestClassForFactory.java:74)

task.TestClassForFactory.getTrapezoidArea  Time elapsed: 0.006 s  <<< FAILURE!
java.lang.AssertionError: LENGTHS MUST BE POSITIVE NUMBERS expected [0.0] but found [2.0]
	at task.TestClassForFactory.getTrapezoidArea(TestClassForFactory.java:74)

task.TestClassForFactory.getTriangleArea  Time elapsed: 0.002 s  <<< FAILURE!
java.lang.AssertionError: LENGTHS MUST BE POSITIVE NUMBERS expected [0.0] but found [-2.0]
	at task.TestClassForFactory.getTriangleArea(TestClassForFactory.java:82)

