<?xml version="1.0" encoding="UTF-8"?>
<!-- Generated by org.testng.reporters.JUnitXMLReporter -->
<testsuite ignored="0" hostname="DESKTOP-D3N9BFH" failures="12" tests="32" name="Area Calculation - DataProvider" time="0.163" errors="0" timestamp="2022-09-03T18:02:37 IDT">
  <testcase classname="task.AppTestNGTest" name="getCircleArea" time="0.015"/>
  <testcase classname="task.AppTestNGTest" name="getCircleArea" time="0.0"/>
  <testcase classname="task.AppTestNGTest" name="getCircleArea" time="0.0"/>
  <testcase classname="task.AppTestNGTest" name="getCircleArea" time="0.0"/>
  <testcase classname="task.AppTestNGTest" name="getEllipseArea" time="0.002"/>
  <testcase classname="task.AppTestNGTest" name="getEllipseArea" time="0.0"/>
  <testcase classname="task.AppTestNGTest" name="getEllipseArea" time="0.001"/>
  <testcase classname="task.AppTestNGTest" name="getEllipseArea" time="0.001"/>
  <testcase classname="task.AppTestNGTest" name="getParallelogramArea" time="0.001">
    <failure type="java.lang.AssertionError" message="CAN&amp;apos;T ENTER STRING!!! LENGTHS MUST BE POSITIVE NUMBERS">
      <![CDATA[java.lang.AssertionError: CAN'T ENTER STRING!!! LENGTHS MUST BE POSITIVE NUMBERS
at task.AppTestNGTest.getParallelogramArea(AppTestNGTest.java:133)
at java.base/java.util.ArrayList.forEach(ArrayList.java:1511)
... Removed 32 stack frames]]>
    </failure>
  </testcase> <!-- getParallelogramArea -->
  <testcase classname="task.AppTestNGTest" name="getParallelogramArea" time="0.0">
    <failure type="java.lang.AssertionError" message="CAN&amp;apos;T ENTER ZERO!!! LENGTHS MUST BE POSITIVE NUMBERS">
      <![CDATA[java.lang.AssertionError: CAN'T ENTER ZERO!!! LENGTHS MUST BE POSITIVE NUMBERS
at task.AppTestNGTest.getParallelogramArea(AppTestNGTest.java:124)
at java.base/java.util.ArrayList.forEach(ArrayList.java:1511)
... Removed 32 stack frames]]>
    </failure>
  </testcase> <!-- getParallelogramArea -->
  <testcase classname="task.AppTestNGTest" name="getParallelogramArea" time="0.002"/>
  <testcase classname="task.AppTestNGTest" name="getParallelogramArea" time="0.013">
    <failure type="java.lang.AssertionError" message="CAN&amp;apos;T ENTER NEGATIVE NUMBERS!!! LENGTHS MUST BE POSITIVE NUMBERS expected [0.0] but found [-4.0]">
      <![CDATA[java.lang.AssertionError: CAN'T ENTER NEGATIVE NUMBERS!!! LENGTHS MUST BE POSITIVE NUMBERS expected [0.0] but found [-4.0]
at task.AppTestNGTest.getParallelogramArea(AppTestNGTest.java:130)
at java.base/java.util.ArrayList.forEach(ArrayList.java:1511)
... Removed 34 stack frames]]>
    </failure>
  </testcase> <!-- getParallelogramArea -->
  <testcase classname="task.AppTestNGTest" name="getRectangleArea" time="0.001">
    <failure type="java.lang.AssertionError" message="CAN&amp;apos;T ENTER STRING!!! LENGTHS MUST BE POSITIVE NUMBERS">
      <![CDATA[java.lang.AssertionError: CAN'T ENTER STRING!!! LENGTHS MUST BE POSITIVE NUMBERS
at task.AppTestNGTest.getRectangleArea(AppTestNGTest.java:152)
at java.base/java.util.ArrayList.forEach(ArrayList.java:1511)
... Removed 32 stack frames]]>
    </failure>
  </testcase> <!-- getRectangleArea -->
  <testcase classname="task.AppTestNGTest" name="getRectangleArea" time="0.0">
    <failure type="java.lang.AssertionError" message="CAN&amp;apos;T ENTER ZERO!!! LENGTHS MUST BE POSITIVE NUMBERS">
      <![CDATA[java.lang.AssertionError: CAN'T ENTER ZERO!!! LENGTHS MUST BE POSITIVE NUMBERS
at task.AppTestNGTest.getRectangleArea(AppTestNGTest.java:143)
at java.base/java.util.ArrayList.forEach(ArrayList.java:1511)
... Removed 32 stack frames]]>
    </failure>
  </testcase> <!-- getRectangleArea -->
  <testcase classname="task.AppTestNGTest" name="getRectangleArea" time="0.001"/>
  <testcase classname="task.AppTestNGTest" name="getRectangleArea" time="0.001">
    <failure type="java.lang.AssertionError" message="CAN&amp;apos;T ENTER NEGATIVE NUMBERS!!! LENGTHS MUST BE POSITIVE NUMBERS expected [0.0] but found [-4.0]">
      <![CDATA[java.lang.AssertionError: CAN'T ENTER NEGATIVE NUMBERS!!! LENGTHS MUST BE POSITIVE NUMBERS expected [0.0] but found [-4.0]
at task.AppTestNGTest.getRectangleArea(AppTestNGTest.java:149)
at java.base/java.util.ArrayList.forEach(ArrayList.java:1511)
... Removed 34 stack frames]]>
    </failure>
  </testcase> <!-- getRectangleArea -->
  <testcase classname="task.AppTestNGTest" name="getSectorArea" time="0.001"/>
  <testcase classname="task.AppTestNGTest" name="getSectorArea" time="0.0"/>
  <testcase classname="task.AppTestNGTest" name="getSectorArea" time="0.0"/>
  <testcase classname="task.AppTestNGTest" name="getSectorArea" time="0.0"/>
  <testcase classname="task.AppTestNGTest" name="getSquareArea" time="0.001"/>
  <testcase classname="task.AppTestNGTest" name="getSquareArea" time="0.0"/>
  <testcase classname="task.AppTestNGTest" name="getSquareArea" time="0.0"/>
  <testcase classname="task.AppTestNGTest" name="getSquareArea" time="0.001"/>
  <testcase classname="task.AppTestNGTest" name="getTrapezoidArea" time="0.0">
    <failure type="java.lang.AssertionError" message="CAN&amp;apos;T ENTER STRING!!! LENGTHS MUST BE POSITIVE NUMBERS">
      <![CDATA[java.lang.AssertionError: CAN'T ENTER STRING!!! LENGTHS MUST BE POSITIVE NUMBERS
at task.AppTestNGTest.getTrapezoidArea(AppTestNGTest.java:209)
at java.base/java.util.ArrayList.forEach(ArrayList.java:1511)
... Removed 32 stack frames]]>
    </failure>
  </testcase> <!-- getTrapezoidArea -->
  <testcase classname="task.AppTestNGTest" name="getTrapezoidArea" time="0.001">
    <failure type="java.lang.AssertionError" message="CAN&amp;apos;T ENTER ZERO!!! LENGTHS MUST BE POSITIVE NUMBERS">
      <![CDATA[java.lang.AssertionError: CAN'T ENTER ZERO!!! LENGTHS MUST BE POSITIVE NUMBERS
at task.AppTestNGTest.getTrapezoidArea(AppTestNGTest.java:200)
at java.base/java.util.ArrayList.forEach(ArrayList.java:1511)
... Removed 32 stack frames]]>
    </failure>
  </testcase> <!-- getTrapezoidArea -->
  <testcase classname="task.AppTestNGTest" name="getTrapezoidArea" time="0.002"/>
  <testcase classname="task.AppTestNGTest" name="getTrapezoidArea" time="0.001">
    <failure type="java.lang.AssertionError" message="CAN&amp;apos;T ENTER NEGATIVE NUMBERS!!! LENGTHS MUST BE POSITIVE NUMBERS expected [0.0] but found [2.0]">
      <![CDATA[java.lang.AssertionError: CAN'T ENTER NEGATIVE NUMBERS!!! LENGTHS MUST BE POSITIVE NUMBERS expected [0.0] but found [2.0]
at task.AppTestNGTest.getTrapezoidArea(AppTestNGTest.java:206)
at java.base/java.util.ArrayList.forEach(ArrayList.java:1511)
... Removed 34 stack frames]]>
    </failure>
  </testcase> <!-- getTrapezoidArea -->
  <testcase classname="task.AppTestNGTest" name="getTriangleArea" time="0.0">
    <failure type="java.lang.AssertionError" message="CAN&amp;apos;T ENTER STRING!!! LENGTHS MUST BE POSITIVE NUMBERS">
      <![CDATA[java.lang.AssertionError: CAN'T ENTER STRING!!! LENGTHS MUST BE POSITIVE NUMBERS
at task.AppTestNGTest.getTriangleArea(AppTestNGTest.java:228)
at java.base/java.util.ArrayList.forEach(ArrayList.java:1511)
... Removed 32 stack frames]]>
    </failure>
  </testcase> <!-- getTriangleArea -->
  <testcase classname="task.AppTestNGTest" name="getTriangleArea" time="0.001">
    <failure type="java.lang.AssertionError" message="CAN&amp;apos;T ENTER ZERO!!! LENGTHS MUST BE POSITIVE NUMBERS">
      <![CDATA[java.lang.AssertionError: CAN'T ENTER ZERO!!! LENGTHS MUST BE POSITIVE NUMBERS
at task.AppTestNGTest.getTriangleArea(AppTestNGTest.java:219)
at java.base/java.util.ArrayList.forEach(ArrayList.java:1511)
... Removed 32 stack frames]]>
    </failure>
  </testcase> <!-- getTriangleArea -->
  <testcase classname="task.AppTestNGTest" name="getTriangleArea" time="0.001"/>
  <testcase classname="task.AppTestNGTest" name="getTriangleArea" time="0.0">
    <failure type="java.lang.AssertionError" message="CAN&amp;apos;T ENTER NEGATIVE NUMBERS!!! LENGTHS MUST BE POSITIVE NUMBERS expected [0.0] but found [-2.0]">
      <![CDATA[java.lang.AssertionError: CAN'T ENTER NEGATIVE NUMBERS!!! LENGTHS MUST BE POSITIVE NUMBERS expected [0.0] but found [-2.0]
at task.AppTestNGTest.getTriangleArea(AppTestNGTest.java:225)
at java.base/java.util.ArrayList.forEach(ArrayList.java:1511)
... Removed 34 stack frames]]>
    </failure>
  </testcase> <!-- getTriangleArea -->
</testsuite> <!-- Area Calculation - DataProvider -->
