<?xml version="1.0" encoding="UTF-8"?>
<!-- Generated by org.testng.reporters.JUnitXMLReporter -->
<testsuite ignored="0" hostname="DESKTOP-D3N9BFH" failures="12" tests="32" name="Area Calculation - Factory" time="0.044" errors="0" timestamp="2022-09-03T18:00:09 IDT">
  <testcase classname="task.TestClassForFactory" name="getCircleArea" time="0.001"/>
  <testcase classname="task.TestClassForFactory" name="getCircleArea" time="0.0"/>
  <testcase classname="task.TestClassForFactory" name="getCircleArea" time="0.0"/>
  <testcase classname="task.TestClassForFactory" name="getCircleArea" time="0.0"/>
  <testcase classname="task.TestClassForFactory" name="getEllipseArea" time="0.0"/>
  <testcase classname="task.TestClassForFactory" name="getEllipseArea" time="0.0"/>
  <testcase classname="task.TestClassForFactory" name="getEllipseArea" time="0.001"/>
  <testcase classname="task.TestClassForFactory" name="getEllipseArea" time="0.001"/>
  <testcase classname="task.TestClassForFactory" name="getParallelogramArea" time="0.0">
    <failure type="java.lang.AssertionError" message="CAN&amp;apos;T ENTER STRING!!! LENGTHS MUST BE POSITIVE NUMBERS">
      <![CDATA[java.lang.AssertionError: CAN'T ENTER STRING!!! LENGTHS MUST BE POSITIVE NUMBERS
at task.TestClassForFactory.getParallelogramArea(TestClassForFactory.java:69)
at java.base/java.util.ArrayList.forEach(ArrayList.java:1511)
... Removed 32 stack frames]]>
    </failure>
  </testcase> <!-- getParallelogramArea -->
  <testcase classname="task.TestClassForFactory" name="getParallelogramArea" time="0.001"/>
  <testcase classname="task.TestClassForFactory" name="getParallelogramArea" time="0.001">
    <failure type="java.lang.AssertionError" message="CAN&amp;apos;T ENTER ZERO!!! LENGTHS MUST BE POSITIVE NUMBERS">
      <![CDATA[java.lang.AssertionError: CAN'T ENTER ZERO!!! LENGTHS MUST BE POSITIVE NUMBERS
at task.TestClassForFactory.getParallelogramArea(TestClassForFactory.java:60)
at java.base/java.util.ArrayList.forEach(ArrayList.java:1511)
... Removed 32 stack frames]]>
    </failure>
  </testcase> <!-- getParallelogramArea -->
  <testcase classname="task.TestClassForFactory" name="getParallelogramArea" time="0.0">
    <failure type="java.lang.AssertionError" message="CAN&amp;apos;T ENTER NEGATIVE NUMBERS!!! LENGTHS MUST BE POSITIVE NUMBERS expected [0.0] but found [-4.0]">
      <![CDATA[java.lang.AssertionError: CAN'T ENTER NEGATIVE NUMBERS!!! LENGTHS MUST BE POSITIVE NUMBERS expected [0.0] but found [-4.0]
at task.TestClassForFactory.getParallelogramArea(TestClassForFactory.java:66)
at java.base/java.util.ArrayList.forEach(ArrayList.java:1511)
... Removed 34 stack frames]]>
    </failure>
  </testcase> <!-- getParallelogramArea -->
  <testcase classname="task.TestClassForFactory" name="getRectangleArea" time="0.001">
    <failure type="java.lang.AssertionError" message="CAN&amp;apos;T ENTER STRING!!! LENGTHS MUST BE POSITIVE NUMBERS">
      <![CDATA[java.lang.AssertionError: CAN'T ENTER STRING!!! LENGTHS MUST BE POSITIVE NUMBERS
at task.TestClassForFactory.getRectangleArea(TestClassForFactory.java:86)
at java.base/java.util.ArrayList.forEach(ArrayList.java:1511)
... Removed 32 stack frames]]>
    </failure>
  </testcase> <!-- getRectangleArea -->
  <testcase classname="task.TestClassForFactory" name="getRectangleArea" time="0.0"/>
  <testcase classname="task.TestClassForFactory" name="getRectangleArea" time="0.0">
    <failure type="java.lang.AssertionError" message="CAN&amp;apos;T ENTER ZERO!!! LENGTHS MUST BE POSITIVE NUMBERS">
      <![CDATA[java.lang.AssertionError: CAN'T ENTER ZERO!!! LENGTHS MUST BE POSITIVE NUMBERS
at task.TestClassForFactory.getRectangleArea(TestClassForFactory.java:77)
at java.base/java.util.ArrayList.forEach(ArrayList.java:1511)
... Removed 32 stack frames]]>
    </failure>
  </testcase> <!-- getRectangleArea -->
  <testcase classname="task.TestClassForFactory" name="getRectangleArea" time="0.001">
    <failure type="java.lang.AssertionError" message="CAN&amp;apos;T ENTER NEGATIVE NUMBERS!!! LENGTHS MUST BE POSITIVE NUMBERS expected [0.0] but found [-4.0]">
      <![CDATA[java.lang.AssertionError: CAN'T ENTER NEGATIVE NUMBERS!!! LENGTHS MUST BE POSITIVE NUMBERS expected [0.0] but found [-4.0]
at task.TestClassForFactory.getRectangleArea(TestClassForFactory.java:83)
at java.base/java.util.ArrayList.forEach(ArrayList.java:1511)
... Removed 34 stack frames]]>
    </failure>
  </testcase> <!-- getRectangleArea -->
  <testcase classname="task.TestClassForFactory" name="getSectorArea" time="0.0"/>
  <testcase classname="task.TestClassForFactory" name="getSectorArea" time="0.0"/>
  <testcase classname="task.TestClassForFactory" name="getSectorArea" time="0.0"/>
  <testcase classname="task.TestClassForFactory" name="getSectorArea" time="0.001"/>
  <testcase classname="task.TestClassForFactory" name="getSquareArea" time="0.0"/>
  <testcase classname="task.TestClassForFactory" name="getSquareArea" time="0.0"/>
  <testcase classname="task.TestClassForFactory" name="getSquareArea" time="0.0"/>
  <testcase classname="task.TestClassForFactory" name="getSquareArea" time="0.0"/>
  <testcase classname="task.TestClassForFactory" name="getTrapezoidArea" time="0.0">
    <failure type="java.lang.AssertionError" message="CAN&amp;apos;T ENTER STRING!!! LENGTHS MUST BE POSITIVE NUMBERS">
      <![CDATA[java.lang.AssertionError: CAN'T ENTER STRING!!! LENGTHS MUST BE POSITIVE NUMBERS
at task.TestClassForFactory.getTrapezoidArea(TestClassForFactory.java:137)
at java.base/java.util.ArrayList.forEach(ArrayList.java:1511)
... Removed 32 stack frames]]>
    </failure>
  </testcase> <!-- getTrapezoidArea -->
  <testcase classname="task.TestClassForFactory" name="getTrapezoidArea" time="0.0"/>
  <testcase classname="task.TestClassForFactory" name="getTrapezoidArea" time="0.0">
    <failure type="java.lang.AssertionError" message="CAN&amp;apos;T ENTER ZERO!!! LENGTHS MUST BE POSITIVE NUMBERS">
      <![CDATA[java.lang.AssertionError: CAN'T ENTER ZERO!!! LENGTHS MUST BE POSITIVE NUMBERS
at task.TestClassForFactory.getTrapezoidArea(TestClassForFactory.java:128)
at java.base/java.util.ArrayList.forEach(ArrayList.java:1511)
... Removed 32 stack frames]]>
    </failure>
  </testcase> <!-- getTrapezoidArea -->
  <testcase classname="task.TestClassForFactory" name="getTrapezoidArea" time="0.0">
    <failure type="java.lang.AssertionError" message="CAN&amp;apos;T ENTER NEGATIVE NUMBERS!!! LENGTHS MUST BE POSITIVE NUMBERS expected [0.0] but found [2.0]">
      <![CDATA[java.lang.AssertionError: CAN'T ENTER NEGATIVE NUMBERS!!! LENGTHS MUST BE POSITIVE NUMBERS expected [0.0] but found [2.0]
at task.TestClassForFactory.getTrapezoidArea(TestClassForFactory.java:134)
at java.base/java.util.ArrayList.forEach(ArrayList.java:1511)
... Removed 34 stack frames]]>
    </failure>
  </testcase> <!-- getTrapezoidArea -->
  <testcase classname="task.TestClassForFactory" name="getTriangleArea" time="0.001">
    <failure type="java.lang.AssertionError" message="CAN&amp;apos;T ENTER STRING!!! LENGTHS MUST BE POSITIVE NUMBERS">
      <![CDATA[java.lang.AssertionError: CAN'T ENTER STRING!!! LENGTHS MUST BE POSITIVE NUMBERS
at task.TestClassForFactory.getTriangleArea(TestClassForFactory.java:154)
at java.base/java.util.ArrayList.forEach(ArrayList.java:1511)
... Removed 32 stack frames]]>
    </failure>
  </testcase> <!-- getTriangleArea -->
  <testcase classname="task.TestClassForFactory" name="getTriangleArea" time="0.0"/>
  <testcase classname="task.TestClassForFactory" name="getTriangleArea" time="0.0">
    <failure type="java.lang.AssertionError" message="CAN&amp;apos;T ENTER ZERO!!! LENGTHS MUST BE POSITIVE NUMBERS">
      <![CDATA[java.lang.AssertionError: CAN'T ENTER ZERO!!! LENGTHS MUST BE POSITIVE NUMBERS
at task.TestClassForFactory.getTriangleArea(TestClassForFactory.java:145)
at java.base/java.util.ArrayList.forEach(ArrayList.java:1511)
... Removed 32 stack frames]]>
    </failure>
  </testcase> <!-- getTriangleArea -->
  <testcase classname="task.TestClassForFactory" name="getTriangleArea" time="0.001">
    <failure type="java.lang.AssertionError" message="CAN&amp;apos;T ENTER NEGATIVE NUMBERS!!! LENGTHS MUST BE POSITIVE NUMBERS expected [0.0] but found [-2.0]">
      <![CDATA[java.lang.AssertionError: CAN'T ENTER NEGATIVE NUMBERS!!! LENGTHS MUST BE POSITIVE NUMBERS expected [0.0] but found [-2.0]
at task.TestClassForFactory.getTriangleArea(TestClassForFactory.java:151)
at java.base/java.util.ArrayList.forEach(ArrayList.java:1511)
... Removed 34 stack frames]]>
    </failure>
  </testcase> <!-- getTriangleArea -->
</testsuite> <!-- Area Calculation - Factory -->
