<?xml version="1.0" encoding="UTF-8"?>
<!-- Generated by org.testng.reporters.JUnitXMLReporter -->
<testsuite ignored="0" hostname="DESKTOP-D3N9BFH" failures="0" tests="8" name="Area Calculation" time="0.11" errors="0" timestamp="2022-08-29T00:08:16 IDT">
  <testcase classname="task.AppTestNGTest" name="getCircleArea" time="0.008"/>
  <testcase classname="task.AppTestNGTest" name="getCircleArea" time="0.001"/>
  <testcase classname="task.AppTestNGTest" name="getCircleArea" time="0.001"/>
  <testcase classname="task.AppTestNGTest" name="getCircleArea" time="0.001"/>
  <testcase classname="task.AppTestNGTest" name="getEllipseArea" time="0.002"/>
  <testcase classname="task.AppTestNGTest" name="getEllipseArea" time="0.0"/>
  <testcase classname="task.AppTestNGTest" name="getEllipseArea" time="0.0"/>
  <testcase classname="task.AppTestNGTest" name="getEllipseArea" time="0.0"/>
</testsuite> <!-- Area Calculation -->
