<?xml version="1.0" encoding="UTF-8"?>
<!-- Generated by org.testng.reporters.JUnitXMLReporter -->
<testsuite ignored="0" hostname="DESKTOP-D3N9BFH" failures="12" tests="32" name="Area Calculation - DataProvider" time="0.215" errors="0" timestamp="2022-09-04T14:26:19 IDT">
  <testcase classname="task.AppTestNGTest" name="getCircleArea" time="0.012"/>
  <testcase classname="task.AppTestNGTest" name="getCircleArea" time="0.001"/>
  <testcase classname="task.AppTestNGTest" name="getCircleArea" time="0.001"/>
  <testcase classname="task.AppTestNGTest" name="getCircleArea" time="0.001"/>
  <testcase classname="task.AppTestNGTest" name="getEllipseArea" time="0.004"/>
  <testcase classname="task.AppTestNGTest" name="getEllipseArea" time="0.001"/>
  <testcase classname="task.AppTestNGTest" name="getEllipseArea" time="0.0"/>
  <testcase classname="task.AppTestNGTest" name="getEllipseArea" time="0.0"/>
  <testcase classname="task.AppTestNGTest" name="getParallelogramArea" time="0.001">
    <failure type="java.lang.AssertionError" message="CAN&amp;apos;T ENTER STRING!!! LENGTHS MUST BE POSITIVE NUMBERS">
      <![CDATA[java.lang.AssertionError: CAN'T ENTER STRING!!! LENGTHS MUST BE POSITIVE NUMBERS
at task.TestNGAssert.TestNGStringMsg(TestNGAssert.java:11)
at task.ShapeFunctions.getArea(ShapeFunctions.java:33)
at task.AppTestNGTest.getParallelogramArea(AppTestNGTest.java:94)
at java.base/java.util.ArrayList.forEach(ArrayList.java:1511)
... Removed 32 stack frames]]>
    </failure>
  </testcase> <!-- getParallelogramArea -->
  <testcase classname="task.AppTestNGTest" name="getParallelogramArea" time="0.002">
    <failure type="java.lang.AssertionError" message="CAN&amp;apos;T ENTER ZERO!!! LENGTHS MUST BE POSITIVE NUMBERS">
      <![CDATA[java.lang.AssertionError: CAN'T ENTER ZERO!!! LENGTHS MUST BE POSITIVE NUMBERS
at task.TestNGAssert.TestNGZeroMsg(TestNGAssert.java:7)
at task.ShapeFunctions.getArea(ShapeFunctions.java:30)
at task.AppTestNGTest.getParallelogramArea(AppTestNGTest.java:94)
at java.base/java.util.ArrayList.forEach(ArrayList.java:1511)
... Removed 32 stack frames]]>
    </failure>
  </testcase> <!-- getParallelogramArea -->
  <testcase classname="task.AppTestNGTest" name="getParallelogramArea" time="0.003"/>
  <testcase classname="task.AppTestNGTest" name="getParallelogramArea" time="0.015">
    <failure type="java.lang.AssertionError" message="CAN&amp;apos;T ENTER NEGATIVE NUMBERS!!! LENGTHS MUST BE POSITIVE NUMBERS expected [0.0] but found [-4.0]">
      <![CDATA[java.lang.AssertionError: CAN'T ENTER NEGATIVE NUMBERS!!! LENGTHS MUST BE POSITIVE NUMBERS expected [0.0] but found [-4.0]
at task.TestNGAssert.TestNGNegativeMsg(TestNGAssert.java:15)
at task.ShapeFunctions.getArea(ShapeFunctions.java:85)
at task.AppTestNGTest.getParallelogramArea(AppTestNGTest.java:94)
at java.base/java.util.ArrayList.forEach(ArrayList.java:1511)
... Removed 34 stack frames]]>
    </failure>
  </testcase> <!-- getParallelogramArea -->
  <testcase classname="task.AppTestNGTest" name="getRectangleArea" time="0.001">
    <failure type="java.lang.AssertionError" message="CAN&amp;apos;T ENTER STRING!!! LENGTHS MUST BE POSITIVE NUMBERS">
      <![CDATA[java.lang.AssertionError: CAN'T ENTER STRING!!! LENGTHS MUST BE POSITIVE NUMBERS
at task.TestNGAssert.TestNGStringMsg(TestNGAssert.java:11)
at task.ShapeFunctions.getArea(ShapeFunctions.java:33)
at task.AppTestNGTest.getRectangleArea(AppTestNGTest.java:99)
at java.base/java.util.ArrayList.forEach(ArrayList.java:1511)
... Removed 32 stack frames]]>
    </failure>
  </testcase> <!-- getRectangleArea -->
  <testcase classname="task.AppTestNGTest" name="getRectangleArea" time="0.0">
    <failure type="java.lang.AssertionError" message="CAN&amp;apos;T ENTER ZERO!!! LENGTHS MUST BE POSITIVE NUMBERS">
      <![CDATA[java.lang.AssertionError: CAN'T ENTER ZERO!!! LENGTHS MUST BE POSITIVE NUMBERS
at task.TestNGAssert.TestNGZeroMsg(TestNGAssert.java:7)
at task.ShapeFunctions.getArea(ShapeFunctions.java:30)
at task.AppTestNGTest.getRectangleArea(AppTestNGTest.java:99)
at java.base/java.util.ArrayList.forEach(ArrayList.java:1511)
... Removed 32 stack frames]]>
    </failure>
  </testcase> <!-- getRectangleArea -->
  <testcase classname="task.AppTestNGTest" name="getRectangleArea" time="0.002"/>
  <testcase classname="task.AppTestNGTest" name="getRectangleArea" time="0.0">
    <failure type="java.lang.AssertionError" message="CAN&amp;apos;T ENTER NEGATIVE NUMBERS!!! LENGTHS MUST BE POSITIVE NUMBERS expected [0.0] but found [-4.0]">
      <![CDATA[java.lang.AssertionError: CAN'T ENTER NEGATIVE NUMBERS!!! LENGTHS MUST BE POSITIVE NUMBERS expected [0.0] but found [-4.0]
at task.TestNGAssert.TestNGNegativeMsg(TestNGAssert.java:15)
at task.ShapeFunctions.getArea(ShapeFunctions.java:85)
at task.AppTestNGTest.getRectangleArea(AppTestNGTest.java:99)
at java.base/java.util.ArrayList.forEach(ArrayList.java:1511)
... Removed 34 stack frames]]>
    </failure>
  </testcase> <!-- getRectangleArea -->
  <testcase classname="task.AppTestNGTest" name="getSectorArea" time="0.002"/>
  <testcase classname="task.AppTestNGTest" name="getSectorArea" time="0.0"/>
  <testcase classname="task.AppTestNGTest" name="getSectorArea" time="0.001"/>
  <testcase classname="task.AppTestNGTest" name="getSectorArea" time="0.001"/>
  <testcase classname="task.AppTestNGTest" name="getSquareArea" time="0.004"/>
  <testcase classname="task.AppTestNGTest" name="getSquareArea" time="0.002"/>
  <testcase classname="task.AppTestNGTest" name="getSquareArea" time="0.002"/>
  <testcase classname="task.AppTestNGTest" name="getSquareArea" time="0.001"/>
  <testcase classname="task.AppTestNGTest" name="getTrapezoidArea" time="0.001">
    <failure type="java.lang.AssertionError" message="CAN&amp;apos;T ENTER STRING!!! LENGTHS MUST BE POSITIVE NUMBERS">
      <![CDATA[java.lang.AssertionError: CAN'T ENTER STRING!!! LENGTHS MUST BE POSITIVE NUMBERS
at task.TestNGAssert.TestNGStringMsg(TestNGAssert.java:11)
at task.ShapeFunctions.getArea(ShapeFunctions.java:33)
at task.AppTestNGTest.getTrapezoidArea(AppTestNGTest.java:114)
at java.base/java.util.ArrayList.forEach(ArrayList.java:1511)
... Removed 32 stack frames]]>
    </failure>
  </testcase> <!-- getTrapezoidArea -->
  <testcase classname="task.AppTestNGTest" name="getTrapezoidArea" time="0.0">
    <failure type="java.lang.AssertionError" message="CAN&amp;apos;T ENTER ZERO!!! LENGTHS MUST BE POSITIVE NUMBERS">
      <![CDATA[java.lang.AssertionError: CAN'T ENTER ZERO!!! LENGTHS MUST BE POSITIVE NUMBERS
at task.TestNGAssert.TestNGZeroMsg(TestNGAssert.java:7)
at task.ShapeFunctions.getArea(ShapeFunctions.java:30)
at task.AppTestNGTest.getTrapezoidArea(AppTestNGTest.java:114)
at java.base/java.util.ArrayList.forEach(ArrayList.java:1511)
... Removed 32 stack frames]]>
    </failure>
  </testcase> <!-- getTrapezoidArea -->
  <testcase classname="task.AppTestNGTest" name="getTrapezoidArea" time="0.001"/>
  <testcase classname="task.AppTestNGTest" name="getTrapezoidArea" time="0.0">
    <failure type="java.lang.AssertionError" message="CAN&amp;apos;T ENTER NEGATIVE NUMBERS!!! LENGTHS MUST BE POSITIVE NUMBERS expected [0.0] but found [2.0]">
      <![CDATA[java.lang.AssertionError: CAN'T ENTER NEGATIVE NUMBERS!!! LENGTHS MUST BE POSITIVE NUMBERS expected [0.0] but found [2.0]
at task.TestNGAssert.TestNGNegativeMsg(TestNGAssert.java:15)
at task.ShapeFunctions.getArea(ShapeFunctions.java:85)
at task.AppTestNGTest.getTrapezoidArea(AppTestNGTest.java:114)
at java.base/java.util.ArrayList.forEach(ArrayList.java:1511)
... Removed 34 stack frames]]>
    </failure>
  </testcase> <!-- getTrapezoidArea -->
  <testcase classname="task.AppTestNGTest" name="getTriangleArea" time="0.0">
    <failure type="java.lang.AssertionError" message="CAN&amp;apos;T ENTER STRING!!! LENGTHS MUST BE POSITIVE NUMBERS">
      <![CDATA[java.lang.AssertionError: CAN'T ENTER STRING!!! LENGTHS MUST BE POSITIVE NUMBERS
at task.TestNGAssert.TestNGStringMsg(TestNGAssert.java:11)
at task.ShapeFunctions.getArea(ShapeFunctions.java:33)
at task.AppTestNGTest.getTriangleArea(AppTestNGTest.java:119)
at java.base/java.util.ArrayList.forEach(ArrayList.java:1511)
... Removed 32 stack frames]]>
    </failure>
  </testcase> <!-- getTriangleArea -->
  <testcase classname="task.AppTestNGTest" name="getTriangleArea" time="0.001">
    <failure type="java.lang.AssertionError" message="CAN&amp;apos;T ENTER ZERO!!! LENGTHS MUST BE POSITIVE NUMBERS">
      <![CDATA[java.lang.AssertionError: CAN'T ENTER ZERO!!! LENGTHS MUST BE POSITIVE NUMBERS
at task.TestNGAssert.TestNGZeroMsg(TestNGAssert.java:7)
at task.ShapeFunctions.getArea(ShapeFunctions.java:30)
at task.AppTestNGTest.getTriangleArea(AppTestNGTest.java:119)
at java.base/java.util.ArrayList.forEach(ArrayList.java:1511)
... Removed 32 stack frames]]>
    </failure>
  </testcase> <!-- getTriangleArea -->
  <testcase classname="task.AppTestNGTest" name="getTriangleArea" time="0.001"/>
  <testcase classname="task.AppTestNGTest" name="getTriangleArea" time="0.001">
    <failure type="java.lang.AssertionError" message="CAN&amp;apos;T ENTER NEGATIVE NUMBERS!!! LENGTHS MUST BE POSITIVE NUMBERS expected [0.0] but found [-2.0]">
      <![CDATA[java.lang.AssertionError: CAN'T ENTER NEGATIVE NUMBERS!!! LENGTHS MUST BE POSITIVE NUMBERS expected [0.0] but found [-2.0]
at task.TestNGAssert.TestNGNegativeMsg(TestNGAssert.java:15)
at task.ShapeFunctions.getArea(ShapeFunctions.java:85)
at task.AppTestNGTest.getTriangleArea(AppTestNGTest.java:119)
at java.base/java.util.ArrayList.forEach(ArrayList.java:1511)
... Removed 34 stack frames]]>
    </failure>
  </testcase> <!-- getTriangleArea -->
</testsuite> <!-- Area Calculation - DataProvider -->
