<?xml version="1.0" encoding="UTF-8"?>
<!-- Generated by org.testng.reporters.JUnitXMLReporter -->
<testsuite ignored="0" hostname="DESKTOP-D3N9BFH" failures="6" tests="32" name="Area Calculation - Factory" time="0.059" errors="0" timestamp="2022-08-29T22:28:52 IDT">
  <testcase classname="task.TestClassForFactory" name="getCircleArea" time="0.0"/>
  <testcase classname="task.TestClassForFactory" name="getCircleArea" time="0.0"/>
  <testcase classname="task.TestClassForFactory" name="getCircleArea" time="0.0"/>
  <testcase classname="task.TestClassForFactory" name="getCircleArea" time="0.0"/>
  <testcase classname="task.TestClassForFactory" name="getEllipseArea" time="0.0"/>
  <testcase classname="task.TestClassForFactory" name="getEllipseArea" time="0.0"/>
  <testcase classname="task.TestClassForFactory" name="getEllipseArea" time="0.0"/>
  <testcase classname="task.TestClassForFactory" name="getEllipseArea" time="0.0"/>
  <testcase classname="task.TestClassForFactory" name="getParallelogramArea" time="0.0"/>
  <testcase classname="task.TestClassForFactory" name="getParallelogramArea" time="0.0">
    <failure type="java.lang.AssertionError" message="LENGTHS MUST BE POSITIVE NUMBERS expected [0.0] but found [-4.0]">
      <![CDATA[java.lang.AssertionError: LENGTHS MUST BE POSITIVE NUMBERS expected [0.0] but found [-4.0]
at task.TestClassForFactory.getParallelogramArea(TestClassForFactory.java:42)
at java.base/java.util.ArrayList.forEach(ArrayList.java:1511)
... Removed 34 stack frames]]>
    </failure>
  </testcase> <!-- getParallelogramArea -->
  <testcase classname="task.TestClassForFactory" name="getParallelogramArea" time="0.0"/>
  <testcase classname="task.TestClassForFactory" name="getParallelogramArea" time="0.0"/>
  <testcase classname="task.TestClassForFactory" name="getRectangleArea" time="0.0"/>
  <testcase classname="task.TestClassForFactory" name="getRectangleArea" time="0.0">
    <failure type="java.lang.AssertionError" message="LENGTHS MUST BE POSITIVE NUMBERS expected [0.0] but found [-4.0]">
      <![CDATA[java.lang.AssertionError: LENGTHS MUST BE POSITIVE NUMBERS expected [0.0] but found [-4.0]
at task.TestClassForFactory.getRectangleArea(TestClassForFactory.java:50)
at java.base/java.util.ArrayList.forEach(ArrayList.java:1511)
... Removed 34 stack frames]]>
    </failure>
  </testcase> <!-- getRectangleArea -->
  <testcase classname="task.TestClassForFactory" name="getRectangleArea" time="0.0"/>
  <testcase classname="task.TestClassForFactory" name="getRectangleArea" time="0.0"/>
  <testcase classname="task.TestClassForFactory" name="getSectorArea" time="0.0"/>
  <testcase classname="task.TestClassForFactory" name="getSectorArea" time="0.0"/>
  <testcase classname="task.TestClassForFactory" name="getSectorArea" time="0.0"/>
  <testcase classname="task.TestClassForFactory" name="getSectorArea" time="0.0"/>
  <testcase classname="task.TestClassForFactory" name="getSquareArea" time="0.0">
    <failure type="java.lang.AssertionError" message="LENGTHS MUST BE POSITIVE NUMBERS expected [0.0] but found [1.0]">
      <![CDATA[java.lang.AssertionError: LENGTHS MUST BE POSITIVE NUMBERS expected [0.0] but found [1.0]
at task.TestClassForFactory.getSquareArea(TestClassForFactory.java:66)
at java.base/java.util.ArrayList.forEach(ArrayList.java:1511)
... Removed 34 stack frames]]>
    </failure>
  </testcase> <!-- getSquareArea -->
  <testcase classname="task.TestClassForFactory" name="getSquareArea" time="0.0"/>
  <testcase classname="task.TestClassForFactory" name="getSquareArea" time="0.0"/>
  <testcase classname="task.TestClassForFactory" name="getSquareArea" time="0.0"/>
  <testcase classname="task.TestClassForFactory" name="getTrapezoidArea" time="0.016">
    <failure type="java.lang.AssertionError" message="LENGTHS MUST BE POSITIVE NUMBERS expected [0.0] but found [-3.0]">
      <![CDATA[java.lang.AssertionError: LENGTHS MUST BE POSITIVE NUMBERS expected [0.0] but found [-3.0]
at task.TestClassForFactory.getTrapezoidArea(TestClassForFactory.java:74)
at java.base/java.util.ArrayList.forEach(ArrayList.java:1511)
... Removed 34 stack frames]]>
    </failure>
  </testcase> <!-- getTrapezoidArea -->
  <testcase classname="task.TestClassForFactory" name="getTrapezoidArea" time="0.0">
    <failure type="java.lang.AssertionError" message="LENGTHS MUST BE POSITIVE NUMBERS expected [0.0] but found [2.0]">
      <![CDATA[java.lang.AssertionError: LENGTHS MUST BE POSITIVE NUMBERS expected [0.0] but found [2.0]
at task.TestClassForFactory.getTrapezoidArea(TestClassForFactory.java:74)
at java.base/java.util.ArrayList.forEach(ArrayList.java:1511)
... Removed 34 stack frames]]>
    </failure>
  </testcase> <!-- getTrapezoidArea -->
  <testcase classname="task.TestClassForFactory" name="getTrapezoidArea" time="0.001"/>
  <testcase classname="task.TestClassForFactory" name="getTrapezoidArea" time="0.0"/>
  <testcase classname="task.TestClassForFactory" name="getTriangleArea" time="0.001"/>
  <testcase classname="task.TestClassForFactory" name="getTriangleArea" time="0.001">
    <failure type="java.lang.AssertionError" message="LENGTHS MUST BE POSITIVE NUMBERS expected [0.0] but found [-2.0]">
      <![CDATA[java.lang.AssertionError: LENGTHS MUST BE POSITIVE NUMBERS expected [0.0] but found [-2.0]
at task.TestClassForFactory.getTriangleArea(TestClassForFactory.java:82)
at java.base/java.util.ArrayList.forEach(ArrayList.java:1511)
... Removed 34 stack frames]]>
    </failure>
  </testcase> <!-- getTriangleArea -->
  <testcase classname="task.TestClassForFactory" name="getTriangleArea" time="0.001"/>
  <testcase classname="task.TestClassForFactory" name="getTriangleArea" time="0.001"/>
</testsuite> <!-- Area Calculation - Factory -->
